# JRE version: Java(TM) SE Runtime Environment (8.0_74-b02) (build 1.8.0_74-b02)
# Java VM: Java HotSpot(TM) 64-Bit Server VM (25.74-b02 mixed mode windows-amd64 compressed oops)
Heap:
 PSYoungGen      total 333312K, used 266063K [0x00000000eab00000, 0x00000000fff80000, 0x0000000100000000)
  eden space 317952K, 83% used [0x00000000eab00000,0x00000000faed3e68,0x00000000fe180000)
  from space 15360K, 0% used [0x00000000fe180000,0x00000000fe180000,0x00000000ff080000)
  to   space 15360K, 0% used [0x00000000ff080000,0x00000000ff080000,0x00000000fff80000)
 ParOldGen       total 132608K, used 40438K [0x00000000c0000000, 0x00000000c8180000, 0x00000000eab00000)
  object space 132608K, 30% used [0x00000000c0000000,0x00000000c277d990,0x00000000c8180000)
 Metaspace       used 62085K, capacity 64636K, committed 64728K, reserved 1105920K
  class space    used 8113K, capacity 8618K, committed 8704K, reserved 1048576K
GC Heap History (10 events):
Event: 103.679 GC heap before
{Heap before GC invocations=25 (full 6):
 PSYoungGen      total 321024K, used 305664K [0x00000000eab00000, 0x00000000ff480000, 0x0000000100000000)
  eden space 305664K, 100% used [0x00000000eab00000,0x00000000fd580000,0x00000000fd580000)
  from space 15360K, 0% used [0x00000000fe580000,0x00000000fe580000,0x00000000ff480000)
  to   space 15872K, 0% used [0x00000000fd580000,0x00000000fd580000,0x00000000fe500000)
 ParOldGen       total 132608K, used 44518K [0x00000000c0000000, 0x00000000c8180000, 0x00000000eab00000)
  object space 132608K, 33% used [0x00000000c0000000,0x00000000c2b79aa0,0x00000000c8180000)
 Metaspace       used 60638K, capacity 62756K, committed 63064K, reserved 1103872K
  class space    used 8022K, capacity 8496K, committed 8576K, reserved 1048576K
Event: 103.687 GC heap after
Heap after GC invocations=25 (full 6):
 PSYoungGen      total 321536K, used 5503K [0x00000000eab00000, 0x00000000fff80000, 0x0000000100000000)
  eden space 305664K, 0% used [0x00000000eab00000,0x00000000eab00000,0x00000000fd580000)
  from space 15872K, 34% used [0x00000000fd580000,0x00000000fdadfcd0,0x00000000fe500000)
  to   space 15360K, 0% used [0x00000000ff080000,0x00000000ff080000,0x00000000fff80000)
 ParOldGen       total 132608K, used 44526K [0x00000000c0000000, 0x00000000c8180000, 0x00000000eab00000)
  object space 132608K, 33% used [0x00000000c0000000,0x00000000c2b7baa0,0x00000000c8180000)
 Metaspace       used 60638K, capacity 62756K, committed 63064K, reserved 1103872K
  class space    used 8022K, capacity 8496K, committed 8576K, reserved 1048576K
}
Event: 234.652 GC heap before
{Heap before GC invocations=26 (full 6):
 PSYoungGen      total 321536K, used 205520K [0x00000000eab00000, 0x00000000fff80000, 0x0000000100000000)
  eden space 305664K, 65% used [0x00000000eab00000,0x00000000f6e54728,0x00000000fd580000)
  from space 15872K, 34% used [0x00000000fd580000,0x00000000fdadfcd0,0x00000000fe500000)
  to   space 15360K, 0% used [0x00000000ff080000,0x00000000ff080000,0x00000000fff80000)
 ParOldGen       total 132608K, used 44526K [0x00000000c0000000, 0x00000000c8180000, 0x00000000eab00000)
  object space 132608K, 33% used [0x00000000c0000000,0x00000000c2b7baa0,0x00000000c8180000)
 Metaspace       used 61251K, capacity 63512K, committed 63576K, reserved 1103872K
  class space    used 8070K, capacity 8562K, committed 8576K, reserved 1048576K
Event: 234.657 GC heap after
Heap after GC invocations=26 (full 6):
 PSYoungGen      total 333312K, used 3072K [0x00000000eab00000, 0x00000000fff80000, 0x0000000100000000)
  eden space 317952K, 0% used [0x00000000eab00000,0x00000000eab00000,0x00000000fe180000)
  from space 15360K, 20% used [0x00000000ff080000,0x00000000ff380020,0x00000000fff80000)
  to   space 15360K, 0% used [0x00000000fe180000,0x00000000fe180000,0x00000000ff080000)
 ParOldGen       total 132608K, used 44534K [0x00000000c0000000, 0x00000000c8180000, 0x00000000eab00000)
  object space 132608K, 33% used [0x00000000c0000000,0x00000000c2b7daa0,0x00000000c8180000)
 Metaspace       used 61251K, capacity 63512K, committed 63576K, reserved 1103872K
  class space    used 8070K, capacity 8562K, committed 8576K, reserved 1048576K
}
Event: 234.657 GC heap before
{Heap before GC invocations=27 (full 7):
 PSYoungGen      total 333312K, used 3072K [0x00000000eab00000, 0x00000000fff80000, 0x0000000100000000)
  eden space 317952K, 0% used [0x00000000eab00000,0x00000000eab00000,0x00000000fe180000)
  from space 15360K, 20% used [0x00000000ff080000,0x00000000ff380020,0x00000000fff80000)
  to   space 15360K, 0% used [0x00000000fe180000,0x00000000fe180000,0x00000000ff080000)
 ParOldGen       total 132608K, used 44534K [0x00000000c0000000, 0x00000000c8180000, 0x00000000eab00000)
  object space 132608K, 33% used [0x00000000c0000000,0x00000000c2b7daa0,0x00000000c8180000)
 Metaspace       used 61251K, capacity 63512K, committed 63576K, reserved 1103872K
  class space    used 8070K, capacity 8562K, committed 8576K, reserved 1048576K
Event: 234.900 GC heap after
Heap after GC invocations=27 (full 7):
 PSYoungGen      total 333312K, used 0K [0x00000000eab00000, 0x00000000fff80000, 0x0000000100000000)
  eden space 317952K, 0% used [0x00000000eab00000,0x00000000eab00000,0x00000000fe180000)
  from space 15360K, 0% used [0x00000000ff080000,0x00000000ff080000,0x00000000fff80000)
  to   space 15360K, 0% used [0x00000000fe180000,0x00000000fe180000,0x00000000ff080000)
 ParOldGen       total 132608K, used 40130K [0x00000000c0000000, 0x00000000c8180000, 0x00000000eab00000)
  object space 132608K, 30% used [0x00000000c0000000,0x00000000c2730858,0x00000000c8180000)
 Metaspace       used 61004K, capacity 63204K, committed 63576K, reserved 1103872K
  class space    used 8041K, capacity 8522K, committed 8576K, reserved 1048576K
}
Event: 512.822 GC heap before
{Heap before GC invocations=28 (full 7):
 PSYoungGen      total 333312K, used 170398K [0x00000000eab00000, 0x00000000fff80000, 0x0000000100000000)
  eden space 317952K, 53% used [0x00000000eab00000,0x00000000f5167a60,0x00000000fe180000)
  from space 15360K, 0% used [0x00000000ff080000,0x00000000ff080000,0x00000000fff80000)
  to   space 15360K, 0% used [0x00000000fe180000,0x00000000fe180000,0x00000000ff080000)
 ParOldGen       total 132608K, used 40130K [0x00000000c0000000, 0x00000000c8180000, 0x00000000eab00000)
  object space 132608K, 30% used [0x00000000c0000000,0x00000000c2730858,0x00000000c8180000)
 Metaspace       used 61597K, capacity 63860K, committed 64088K, reserved 1105920K
  class space    used 8076K, capacity 8566K, committed 8576K, reserved 1048576K
Event: 512.826 GC heap after
Heap after GC invocations=28 (full 7):
 PSYoungGen      total 333312K, used 2287K [0x00000000eab00000, 0x00000000fff80000, 0x0000000100000000)
  eden space 317952K, 0% used [0x00000000eab00000,0x00000000eab00000,0x00000000fe180000)
  from space 15360K, 14% used [0x00000000fe180000,0x00000000fe3bbf28,0x00000000ff080000)
  to   space 15360K, 0% used [0x00000000ff080000,0x00000000ff080000,0x00000000fff80000)
 ParOldGen       total 132608K, used 40138K [0x00000000c0000000, 0x00000000c8180000, 0x00000000eab00000)
  object space 132608K, 30% used [0x00000000c0000000,0x00000000c2732858,0x00000000c8180000)
 Metaspace       used 61597K, capacity 63860K, committed 64088K, reserved 1105920K
  class space    used 8076K, capacity 8566K, committed 8576K, reserved 1048576K
}
Event: 512.826 GC heap before
{Heap before GC invocations=29 (full 8):
 PSYoungGen      total 333312K, used 2287K [0x00000000eab00000, 0x00000000fff80000, 0x0000000100000000)
  eden space 317952K, 0% used [0x00000000eab00000,0x00000000eab00000,0x00000000fe180000)
  from space 15360K, 14% used [0x00000000fe180000,0x00000000fe3bbf28,0x00000000ff080000)
  to   space 15360K, 0% used [0x00000000ff080000,0x00000000ff080000,0x00000000fff80000)
 ParOldGen       total 132608K, used 40138K [0x00000000c0000000, 0x00000000c8180000, 0x00000000eab00000)
  object space 132608K, 30% used [0x00000000c0000000,0x00000000c2732858,0x00000000c8180000)
 Metaspace       used 61597K, capacity 63860K, committed 64088K, reserved 1105920K
  class space    used 8076K, capacity 8566K, committed 8576K, reserved 1048576K
Event: 512.988 GC heap after
Heap after GC invocations=29 (full 8):
 PSYoungGen      total 333312K, used 0K [0x00000000eab00000, 0x00000000fff80000, 0x0000000100000000)
  eden space 317952K, 0% used [0x00000000eab00000,0x00000000eab00000,0x00000000fe180000)
  from space 15360K, 0% used [0x00000000fe180000,0x00000000fe180000,0x00000000ff080000)
  to   space 15360K, 0% used [0x00000000ff080000,0x00000000ff080000,0x00000000fff80000)
 ParOldGen       total 132608K, used 40438K [0x00000000c0000000, 0x00000000c8180000, 0x00000000eab00000)
  object space 132608K, 30% used [0x00000000c0000000,0x00000000c277d990,0x00000000c8180000)
 Metaspace       used 61597K, capacity 63860K, committed 64088K, reserved 1105920K
  class space    used 8076K, capacity 8566K, committed 8576K, reserved 1048576K
}

